<?xml version="1.0" encoding="UTF-8"?>
<!-- Generated by org.testng.reporters.JUnitReportReporter -->
<testsuite hostname="LAPTOP-2VUVNRGK" failures="0" tests="1" name="com.TestRunnerBank.BankRunner" time="27.886" errors="0" timestamp="2023-02-16T13:16:29 CET" skipped="0">
  <testcase classname="com.TestRunnerBank.BankRunner" name="feature" time="27.886"/>
  <system-out/>
</testsuite> <!-- com.TestRunnerBank.BankRunner -->
